mode: set
github.com/ManojGowda27/bnb-booking/cmd/web/main.go:22.13,25.16 2 0
github.com/ManojGowda27/bnb-booking/cmd/web/main.go:25.16,27.3 1 0
github.com/ManojGowda27/bnb-booking/cmd/web/main.go:29.2,37.16 4 0
github.com/ManojGowda27/bnb-booking/cmd/web/main.go:40.18,57.16 10 1
github.com/ManojGowda27/bnb-booking/cmd/web/main.go:57.16,60.3 2 0
github.com/ManojGowda27/bnb-booking/cmd/web/main.go:62.2,70.12 6 1
github.com/ManojGowda27/bnb-booking/cmd/web/middleware.go:10.45,21.2 3 1
github.com/ManojGowda27/bnb-booking/cmd/web/middleware.go:24.50,26.2 1 1
github.com/ManojGowda27/bnb-booking/cmd/web/routes.go:11.49,36.2 17 1
